[    0.000000] Linux version 4.15.0-143-generic (buildd@lcy01-amd64-001) (gcc version 7.5.0 (Ubuntu 7.5.0-3ubuntu1~18.04)) #147-Ubuntu SMP Wed Apr 14 16:10:11 UTC 2021 (Ubuntu 4.15.0-143.147-generic 4.15.18)
[    0.000000] Command line: BOOT_IMAGE=/boot/vmlinuz-4.15.0-143-generic root=LABEL=cloudimg-rootfs ro console=tty1 console=ttyS0
[    0.000000] KERNEL supported cpus:
[    0.000000]   Intel GenuineIntel
[    0.000000]   AMD AuthenticAMD
[    0.000000]   Centaur CentaurHauls
[    0.000000] x86/fpu: Supporting XSAVE feature 0x001: 'x87 floating point registers'
[    0.000000] x86/fpu: Supporting XSAVE feature 0x002: 'SSE registers'
[    0.000000] x86/fpu: Supporting XSAVE feature 0x004: 'AVX registers'
[    0.000000] x86/fpu: xstate_offset[2]:  576, xstate_sizes[2]:  256
[    0.000000] x86/fpu: Enabled xstate features 0x7, context size is 832 bytes, using 'standard' format.
[    0.000000] e820: BIOS-provided physical RAM map:
[    0.000000] BIOS-e820: [mem 0x0000000000000000-0x000000000009fbff] usable
[    0.000000] BIOS-e820: [mem 0x000000000009fc00-0x000000000009ffff] reserved
[    0.000000] BIOS-e820: [mem 0x00000000000f0000-0x00000000000fffff] reserved
[    0.000000] BIOS-e820: [mem 0x0000000000100000-0x000000003ffeffff] usable
[    0.000000] BIOS-e820: [mem 0x000000003fff0000-0x000000003fffffff] ACPI data
[    0.000000] BIOS-e820: [mem 0x00000000fec00000-0x00000000fec00fff] reserved
[    0.000000] BIOS-e820: [mem 0x00000000fee00000-0x00000000fee00fff] reserved
[    0.000000] BIOS-e820: [mem 0x00000000fffc0000-0x00000000ffffffff] reserved
[    0.000000] NX (Execute Disable) protection: active
[    0.000000] SMBIOS 2.5 present.
[    0.000000] DMI: innotek GmbH VirtualBox/VirtualBox, BIOS VirtualBox 12/01/2006
[    0.000000] Hypervisor detected: KVM
[    0.000000] e820: last_pfn = 0x3fff0 max_arch_pfn = 0x400000000
[    0.000000] MTRR: Disabled
[    0.000000] x86/PAT: MTRRs disabled, skipping PAT initialization too.
[    0.000000] CPU MTRRs all blank - virtualized system.
[    0.000000] x86/PAT: Configuration [0-7]: WB  WT  UC- UC  WB  WT  UC- UC  
[    0.000000] found SMP MP-table at [mem 0x0009fff0-0x0009ffff]
[    0.000000] Scanning 1 areas for low memory corruption
[    0.000000] RAMDISK: [mem 0x359d1000-0x36cdffff]
[    0.000000] ACPI: Early table checksum verification disabled
[    0.000000] ACPI: RSDP 0x00000000000E0000 000024 (v02 VBOX  )
[    0.000000] ACPI: XSDT 0x000000003FFF0030 00003C (v01 VBOX   VBOXXSDT 00000001 ASL  00000061)
[    0.000000] ACPI: FACP 0x000000003FFF00F0 0000F4 (v04 VBOX   VBOXFACP 00000001 ASL  00000061)
[    0.000000] ACPI: DSDT 0x000000003FFF0470 002325 (v02 VBOX   VBOXBIOS 00000002 INTL 20100528)
[    0.000000] ACPI: FACS 0x000000003FFF0200 000040
[    0.000000] ACPI: FACS 0x000000003FFF0200 000040
[    0.000000] ACPI: APIC 0x000000003FFF0240 00005C (v02 VBOX   VBOXAPIC 00000001 ASL  00000061)
[    0.000000] ACPI: SSDT 0x000000003FFF02A0 0001CC (v01 VBOX   VBOXCPUT 00000002 INTL 20100528)
[    0.000000] No NUMA configuration found
[    0.000000] Faking a node at [mem 0x0000000000000000-0x000000003ffeffff]
[    0.000000] NODE_DATA(0) allocated [mem 0x3ffc5000-0x3ffeffff]
[    0.000000] kvm-clock: cpu 0, msr 0:3ff44001, primary cpu clock
[    0.000000] kvm-clock: Using msrs 4b564d01 and 4b564d00
[    0.000000] kvm-clock: using sched offset of 5250738908 cycles
[    0.000000] clocksource: kvm-clock: mask: 0xffffffffffffffff max_cycles: 0x1cd42e4dffb, max_idle_ns: 881590591483 ns
[    0.000000] Zone ranges:
[    0.000000]   DMA      [mem 0x0000000000001000-0x0000000000ffffff]
[    0.000000]   DMA32    [mem 0x0000000001000000-0x000000003ffeffff]
[    0.000000]   Normal   empty
[    0.000000]   Device   empty
[    0.000000] Movable zone start for each node
[    0.000000] Early memory node ranges
[    0.000000]   node   0: [mem 0x0000000000001000-0x000000000009efff]
[    0.000000]   node   0: [mem 0x0000000000100000-0x000000003ffeffff]
[    0.000000] Reserved but unavailable: 98 pages
[    0.000000] Initmem setup node 0 [mem 0x0000000000001000-0x000000003ffeffff]
[    0.000000] ACPI: PM-Timer IO Port: 0x4008
[    0.000000] IOAPIC[0]: apic_id 2, version 32, address 0xfec00000, GSI 0-23
[    0.000000] ACPI: INT_SRC_OVR (bus 0 bus_irq 0 global_irq 2 dfl dfl)
[    0.000000] ACPI: INT_SRC_OVR (bus 0 bus_irq 9 global_irq 9 low level)
[    0.000000] Using ACPI (MADT) for SMP configuration information
[    0.000000] smpboot: Allowing 2 CPUs, 0 hotplug CPUs
[    0.000000] PM: Registered nosave memory: [mem 0x00000000-0x00000fff]
[    0.000000] PM: Registered nosave memory: [mem 0x0009f000-0x0009ffff]
[    0.000000] PM: Registered nosave memory: [mem 0x000a0000-0x000effff]
[    0.000000] PM: Registered nosave memory: [mem 0x000f0000-0x000fffff]
[    0.000000] e820: [mem 0x40000000-0xfebfffff] available for PCI devices
[    0.000000] Booting paravirtualized kernel on KVM
[    0.000000] clocksource: refined-jiffies: mask: 0xffffffff max_cycles: 0xffffffff, max_idle_ns: 7645519600211568 ns
[    0.000000] random: get_random_bytes called from start_kernel+0x99/0x500 with crng_init=0
[    0.000000] setup_percpu: NR_CPUS:8192 nr_cpumask_bits:2 nr_cpu_ids:2 nr_node_ids:1
[    0.000000] percpu: Embedded 45 pages/cpu s147456 r8192 d28672 u1048576
[    0.000000] PV qspinlock hash table entries: 256 (order: 0, 4096 bytes)
[    0.000000] Built 1 zonelists, mobility grouping on.  Total pages: 257913
[    0.000000] Policy zone: DMA32
[    0.000000] Kernel command line: BOOT_IMAGE=/boot/vmlinuz-4.15.0-143-generic root=LABEL=cloudimg-rootfs ro console=tty1 console=ttyS0
[    0.000000] Memory: 982724K/1048120K available (12300K kernel code, 2483K rwdata, 4316K rodata, 2444K init, 2724K bss, 65396K reserved, 0K cma-reserved)
[    0.000000] SLUB: HWalign=64, Order=0-3, MinObjects=0, CPUs=2, Nodes=1
[    0.000000] Kernel/User page tables isolation: enabled
[    0.000000] ftrace: allocating 39437 entries in 155 pages
[    0.004000] Hierarchical RCU implementation.
[    0.004000] 	RCU restricting CPUs from NR_CPUS=8192 to nr_cpu_ids=2.
[    0.004000] 	Tasks RCU enabled.
[    0.004000] RCU: Adjusting geometry for rcu_fanout_leaf=16, nr_cpu_ids=2
[    0.004000] NR_IRQS: 524544, nr_irqs: 440, preallocated irqs: 16
[    0.004000] Console: colour VGA+ 80x25
[    0.004000] console [tty1] enabled
[    0.004000] console [ttyS0] enabled
[    0.004000] ACPI: Core revision 20170831
[    0.004000] ACPI: 2 ACPI AML tables successfully acquired and loaded
[    0.004000] APIC: Switch to symmetric I/O mode setup
[    0.004000] x2apic enabled
[    0.004011] Switched APIC routing to physical x2apic.
[    0.008000] ..TIMER: vector=0x30 apic1=0 pin1=2 apic2=-1 pin2=-1
[    0.008009] tsc: Detected 2494.342 MHz processor
[    0.012018] Calibrating delay loop (skipped) preset value.. 4988.68 BogoMIPS (lpj=9977368)
[    0.016008] pid_max: default: 32768 minimum: 301
[    0.018378] Security Framework initialized
[    0.020008] Yama: becoming mindful.
[    0.021872] AppArmor: AppArmor initialized
[    0.028091] Dentry cache hash table entries: 131072 (order: 8, 1048576 bytes)
[    0.031045] Inode-cache hash table entries: 65536 (order: 7, 524288 bytes)
[    0.032053] Mount-cache hash table entries: 2048 (order: 2, 16384 bytes)
[    0.036019] Mountpoint-cache hash table entries: 2048 (order: 2, 16384 bytes)
[    0.040662] Last level iTLB entries: 4KB 512, 2MB 8, 4MB 8
[    0.044012] Last level dTLB entries: 4KB 512, 2MB 32, 4MB 32, 1GB 0
[    0.047045] Spectre V1 : Mitigation: usercopy/swapgs barriers and __user pointer sanitization
[    0.048009] Spectre V2 : Mitigation: Full generic retpoline
[    0.052004] Spectre V2 : Spectre v2 / SpectreRSB mitigation: Filling RSB on context switch
[    0.055660] Speculative Store Bypass: Vulnerable
[    0.056087] SRBDS: Unknown: Dependent on hypervisor status
[    0.060005] MDS: Mitigation: Clear CPU buffers
[    0.062620] Freeing SMP alternatives memory: 36K
[    0.177754] smpboot: CPU0: Intel(R) Core(TM) i5-3210M CPU @ 2.50GHz (family: 0x6, model: 0x3a, stepping: 0x9)
[    0.180189] Performance Events: unsupported p6 CPU model 58 no PMU driver, software events only.
[    0.184102] Hierarchical SRCU implementation.
[    0.188433] NMI watchdog: Perf event create on CPU 0 failed with -2
[    0.191246] NMI watchdog: Perf NMI watchdog permanently disabled
[    0.192143] smp: Bringing up secondary CPUs ...
[    0.196249] x86: Booting SMP configuration:
[    0.198225] .... node  #0, CPUs:      #1
[    0.004000] kvm-clock: cpu 1, msr 0:3ff44041, secondary cpu clock
[    0.204033] smp: Brought up 1 node, 2 CPUs
[    0.205956] smpboot: Max logical packages: 1
[    0.208014] smpboot: Total of 2 processors activated (9977.36 BogoMIPS)
[    0.212305] devtmpfs: initialized
[    0.213824] x86/mm: Memory block size: 128MB
[    0.216524] evm: security.selinux
[    0.218183] evm: security.SMACK64
[    0.220023] evm: security.SMACK64EXEC
[    0.221830] evm: security.SMACK64TRANSMUTE
[    0.224005] evm: security.SMACK64MMAP
[    0.225807] evm: security.apparmor
[    0.227594] evm: security.ima
[    0.228007] evm: security.capability
[    0.232166] clocksource: jiffies: mask: 0xffffffff max_cycles: 0xffffffff, max_idle_ns: 7645041785100000 ns
[    0.236000] futex hash table entries: 512 (order: 3, 32768 bytes)
[    0.240035] pinctrl core: initialized pinctrl subsystem
[    0.242727] RTC time: 11:43:08, date: 05/16/21
[    0.244459] NET: Registered protocol family 16
[    0.248317] audit: initializing netlink subsys (disabled)
[    0.250833] audit: type=2000 audit(1621165396.036:1): state=initialized audit_enabled=0 res=1
[    0.256014] cpuidle: using governor ladder
[    0.258265] cpuidle: using governor menu
[    0.260000] ACPI: bus type PCI registered
[    0.260007] acpiphp: ACPI Hot Plug PCI Controller Driver version: 0.5
[    0.264287] PCI: Using configuration type 1 for base access
[    0.272620] HugeTLB registered 2.00 MiB page size, pre-allocated 0 pages
[    0.276103] ACPI: Added _OSI(Module Device)
[    0.278238] ACPI: Added _OSI(Processor Device)
[    0.280022] ACPI: Added _OSI(3.0 _SCP Extensions)
[    0.282243] ACPI: Added _OSI(Processor Aggregator Device)
[    0.284020] ACPI: Added _OSI(Linux-Dell-Video)
[    0.286200] ACPI: Added _OSI(Linux-Lenovo-NV-HDMI-Audio)
[    0.288006] ACPI: Added _OSI(Linux-HPI-Hybrid-Graphics)
[    0.292722] ACPI: Executed 1 blocks of module-level executable AML code
[    0.314940] ACPI: Interpreter enabled
[    0.316000] ACPI: (supports S0 S5)
[    0.316007] ACPI: Using IOAPIC for interrupt routing
[    0.321207] PCI: Using host bridge windows from ACPI; if necessary, use "pci=nocrs" and report a bug
[    0.324659] ACPI: Enabled 2 GPEs in block 00 to 07
[    0.357499] ACPI: PCI Root Bridge [PCI0] (domain 0000 [bus 00-ff])
[    0.360025] acpi PNP0A03:00: _OSC: OS supports [ASPM ClockPM Segments MSI]
[    0.369093] acpi PNP0A03:00: _OSC: not requesting OS control; OS requires [ExtendedConfig ASPM ClockPM MSI]
[    0.372079] acpi PNP0A03:00: fail to add MMCONFIG information, can't access extended PCI configuration space under this bridge.
[    0.377352] PCI host bridge to bus 0000:00
[    0.380011] pci_bus 0000:00: root bus resource [io  0x0000-0x0cf7 window]
[    0.384008] pci_bus 0000:00: root bus resource [io  0x0d00-0xffff window]
[    0.387010] pci_bus 0000:00: root bus resource [mem 0x000a0000-0x000bffff window]
[    0.388012] pci_bus 0000:00: root bus resource [mem 0x40000000-0xfdffffff window]
[    0.392012] pci_bus 0000:00: root bus resource [bus 00-ff]
[    0.401549] pci 0000:00:01.1: legacy IDE quirk: reg 0x10: [io  0x01f0-0x01f7]
[    0.404012] pci 0000:00:01.1: legacy IDE quirk: reg 0x14: [io  0x03f6]
[    0.408009] pci 0000:00:01.1: legacy IDE quirk: reg 0x18: [io  0x0170-0x0177]
[    0.412018] pci 0000:00:01.1: legacy IDE quirk: reg 0x1c: [io  0x0376]
[    0.456313] pci 0000:00:07.0: quirk: [io  0x4000-0x403f] claimed by PIIX4 ACPI
[    0.460013] pci 0000:00:07.0: quirk: [io  0x4100-0x410f] claimed by PIIX4 SMB
[    0.483100] ACPI: PCI Interrupt Link [LNKA] (IRQs 5 9 10 *11)
[    0.489119] ACPI: PCI Interrupt Link [LNKB] (IRQs 5 9 *10 11)
[    0.492496] ACPI: PCI Interrupt Link [LNKC] (IRQs 5 *9 10 11)
[    0.496021] ACPI: PCI Interrupt Link [LNKD] (IRQs 5 9 10 *11)
[    0.500205] SCSI subsystem initialized
[    0.502362] pci 0000:00:02.0: vgaarb: setting as boot VGA device
[    0.502866] pci 0000:00:02.0: vgaarb: VGA device added: decodes=io+mem,owns=io+mem,locks=none
[    0.504033] pci 0000:00:02.0: vgaarb: bridge control possible
[    0.508011] vgaarb: loaded
[    0.509752] ACPI: bus type USB registered
[    0.511946] usbcore: registered new interface driver usbfs
[    0.512045] usbcore: registered new interface driver hub
[    0.515340] usbcore: registered new device driver usb
[    0.516160] EDAC MC: Ver: 3.0.0
[    0.520617] PCI: Using ACPI for IRQ routing
[    0.524188] NetLabel: Initializing
[    0.526021] NetLabel:  domain hash size = 128
[    0.528000] NetLabel:  protocols = UNLABELED CIPSOv4 CALIPSO
[    0.528056] NetLabel:  unlabeled traffic allowed by default
[    0.532248] clocksource: Switched to clocksource kvm-clock
[    0.595739] VFS: Disk quotas dquot_6.6.0
[    0.599822] VFS: Dquot-cache hash table entries: 512 (order 0, 4096 bytes)
[    0.606145] AppArmor: AppArmor Filesystem Enabled
[    0.609362] pnp: PnP ACPI init
[    0.617991] pnp: PnP ACPI: found 3 devices
[    0.635712] clocksource: acpi_pm: mask: 0xffffff max_cycles: 0xffffff, max_idle_ns: 2085701024 ns
[    0.641112] NET: Registered protocol family 2
[    0.643804] TCP established hash table entries: 8192 (order: 4, 65536 bytes)
[    0.647749] TCP bind hash table entries: 8192 (order: 5, 131072 bytes)
[    0.653877] TCP: Hash tables configured (established 8192 bind 8192)
[    0.657459] UDP hash table entries: 512 (order: 2, 16384 bytes)
[    0.660554] UDP-Lite hash table entries: 512 (order: 2, 16384 bytes)
[    0.664075] NET: Registered protocol family 1
[    0.666672] pci 0000:00:00.0: Limiting direct PCI/PCI transfers
[    0.669973] pci 0000:00:01.0: Activating ISA DMA hang workarounds
[    0.673342] pci 0000:00:02.0: Video device with shadowed ROM at [mem 0x000c0000-0x000dffff]
[    0.678195] Unpacking initramfs...
[    1.373598] Freeing initrd memory: 19516K
[    1.375928] clocksource: tsc: mask: 0xffffffffffffffff max_cycles: 0x23f4590ab8a, max_idle_ns: 440795333474 ns
[    1.380224] platform rtc_cmos: registered platform RTC device (no PNP device found)
[    1.384124] Scanning for low memory corruption every 60 seconds
[    1.387546] Initialise system trusted keyrings
[    1.389330] Key type blacklist registered
[    1.390977] workingset: timestamp_bits=36 max_order=18 bucket_order=0
[    1.396561] zbud: loaded
[    1.398288] squashfs: version 4.0 (2009/01/31) Phillip Lougher
[    1.400758] fuse init (API version 7.26)
[    1.406912] Key type asymmetric registered
[    1.408539] Asymmetric key parser 'x509' registered
[    1.410535] Block layer SCSI generic (bsg) driver version 0.4 loaded (major 246)
[    1.414113] io scheduler noop registered
[    1.415727] io scheduler deadline registered
[    1.417489] io scheduler cfq registered (default)
[    1.419789] ACPI: AC Adapter [AC] (on-line)
[    1.421594] input: Power Button as /devices/LNXSYSTM:00/LNXPWRBN:00/input/input0
[    1.424456] ACPI: Power Button [PWRF]
[    1.426036] input: Sleep Button as /devices/LNXSYSTM:00/LNXSLPBN:00/input/input1
[    1.428870] ACPI: Sleep Button [SLPF]
[    1.430835] Serial: 8250/16550 driver, 32 ports, IRQ sharing enabled
[    1.433217] ACPI: Battery Slot [BAT0] (battery present)
[    1.457018] 00:02: ttyS0 at I/O 0x3f8 (irq = 4, base_baud = 115200) is a 16550A
[    1.463710] Linux agpgart interface v0.103
[    1.467237] loop: module loaded
[    1.469842] scsi host0: ata_piix
[    1.471454] scsi host1: ata_piix
[    1.472910] ata1: PATA max UDMA/33 cmd 0x1f0 ctl 0x3f6 bmdma 0xd000 irq 14
[    1.476324] ata2: PATA max UDMA/33 cmd 0x170 ctl 0x376 bmdma 0xd008 irq 15
[    1.479658] libphy: Fixed MDIO Bus: probed
[    1.481296] tun: Universal TUN/TAP device driver, 1.6
[    1.483840] PPP generic driver version 2.4.2
[    1.486186] ehci_hcd: USB 2.0 'Enhanced' Host Controller (EHCI) Driver
[    1.488992] ehci-pci: EHCI PCI platform driver
[    1.491025] ehci-platform: EHCI generic platform driver
[    1.493390] ohci_hcd: USB 1.1 'Open' Host Controller (OHCI) Driver
[    1.496054] ohci-pci: OHCI PCI platform driver
[    1.498155] ohci-platform: OHCI generic platform driver
[    1.500487] uhci_hcd: USB Universal Host Controller Interface driver
[    1.503299] i8042: PNP: PS/2 Controller [PNP0303:PS2K,PNP0f03:PS2M] at 0x60,0x64 irq 1,12
[    1.508019] serio: i8042 KBD port at 0x60,0x64 irq 1
[    1.510355] serio: i8042 AUX port at 0x60,0x64 irq 12
[    1.512954] mousedev: PS/2 mouse device common for all mice
[    1.516749] input: AT Translated Set 2 keyboard as /devices/platform/i8042/serio0/input/input2
[    1.520691] rtc_cmos rtc_cmos: rtc core: registered rtc_cmos as rtc0
[    1.523887] rtc_cmos rtc_cmos: alarms up to one day, 114 bytes nvram
[    1.527056] i2c /dev entries driver
[    1.529028] device-mapper: uevent: version 1.0.3
[    1.531556] device-mapper: ioctl: 4.37.0-ioctl (2017-09-20) initialised: dm-devel@redhat.com
[    1.535530] ledtrig-cpu: registered to indicate activity on CPUs
[    1.539256] NET: Registered protocol family 10
[    1.548222] Segment Routing with IPv6
[    1.550281] NET: Registered protocol family 17
[    1.552792] Key type dns_resolver registered
[    1.555183] mce: Using 0 MCE banks
[    1.556593] RAS: Correctable Errors collector initialized.
[    1.558740] sched_clock: Marking stable (1558706232, 0)->(2024859894, -466153662)
[    1.562253] registered taskstats version 1
[    1.563851] Loading compiled-in X.509 certificates
[    1.569339] Loaded X.509 cert 'Build time autogenerated kernel key: de118354fe72448b469776565e76ac30c08e8db2'
[    1.574307] Loaded X.509 cert 'Canonical Ltd. Live Patch Signing: 14df34d1a87cf37625abec039ef2bf521249b969'
[    1.579022] Loaded X.509 cert 'Canonical Ltd. Kernel Module Signing: 88f752e560a1e0737e31163a466ad7b70a850c19'
[    1.583982] zswap: loaded using pool lzo/zbud
[    1.592978] Key type big_key registered
[    1.595026] Key type trusted registered
[    1.600981] Key type encrypted registered
[    1.603312] AppArmor: AppArmor sha1 policy hashing enabled
[    1.606405] ima: No TPM chip found, activating TPM-bypass! (rc=-19)
[    1.609527] ima: Allocated hash algorithm: sha1
[    1.611952] evm: HMAC attrs: 0x1
[    1.614959]   Magic number: 5:47:732
[    1.616971] rtc_cmos rtc_cmos: setting system clock to 2021-05-16 11:43:10 UTC (1621165390)
[    1.621524] BIOS EDD facility v0.16 2004-Jun-25, 0 devices found
[    1.624282] EDD information not available.
[    1.677416] Freeing unused kernel image memory: 2444K
[    1.688061] Write protecting the kernel read-only data: 20480k
[    1.692109] Freeing unused kernel image memory: 2008K
[    1.695434] Freeing unused kernel image memory: 1828K
[    1.742194] x86/mm: Checked W+X mappings: passed, no W+X pages found.
[    1.744996] x86/mm: Checking user space page tables
[    1.784671] x86/mm: Checked W+X mappings: passed, no W+X pages found.
Loading, please wait...
starting version 237
[    1.958793] e1000: Intel(R) PRO/1000 Network Driver - version 7.3.21-k8-NAPI
[    1.962112] e1000: Copyright (c) 1999-2006 Intel Corporation.
[    1.990236] Fusion MPT base driver 3.04.20
[    1.992571] Copyright (c) 1999-2008 LSI Corporation
[    2.101891] AVX version of gcm_enc/dec engaged.
[    2.106033] AES CTR mode by8 optimization enabled
[    2.125997] Fusion MPT SPI Host driver 3.04.20
[    2.234461] input: ImExPS/2 Generic Explorer Mouse as /devices/platform/i8042/serio1/input/input4
[    2.613683] e1000 0000:00:03.0 eth0: (PCI:33MHz:32-bit) 02:79:d1:66:99:96
[    2.617342] e1000 0000:00:03.0 eth0: Intel(R) PRO/1000 Network Connection
[    2.658551] mptbase: ioc0: Initiating bringup
[    2.663372] e1000 0000:00:03.0 enp0s3: renamed from eth0
[    2.749022] ioc0: LSI53C1030 A0: Capabilities={Initiator}
[    2.990601] scsi host2: ioc0: LSI53C1030 A0, FwRev=00000000h, Ports=1, MaxQ=256, IRQ=20
[    3.162202] scsi 2:0:0:0: Direct-Access     VBOX     HARDDISK         1.0  PQ: 0 ANSI: 5
[    3.200557] scsi target2:0:0: Beginning Domain Validation
[    3.213075] scsi target2:0:0: Domain Validation skipping write tests
[    3.220514] scsi target2:0:0: Ending Domain Validation
[    3.226500] scsi target2:0:0: asynchronous
[    3.228805] scsi 2:0:1:0: Direct-Access     VBOX     HARDDISK         1.0  PQ: 0 ANSI: 5
[    3.260702] scsi target2:0:1: Beginning Domain Validation
[    3.263593] random: fast init done
[    3.266430] scsi target2:0:1: Domain Validation skipping write tests
[    3.268786] scsi target2:0:1: Ending Domain Validation
[    3.270854] scsi target2:0:1: asynchronous
[    3.278078] random: systemd-udevd: uninitialized urandom read (16 bytes read)
[    3.281620] random: systemd-udevd: uninitialized urandom read (16 bytes read)
[    3.285684] sd 2:0:0:0: Attached scsi generic sg0 type 0
[    3.288436] random: systemd-udevd: uninitialized urandom read (16 bytes read)
[    3.292049] sd 2:0:0:0: [sda] 83886080 512-byte logical blocks: (42.9 GB/40.0 GiB)
[    3.296264] sd 2:0:0:0: [sda] Write Protect is off
[    3.298615] sd 2:0:0:0: [sda] Incomplete mode parameter data
[    3.301022] sd 2:0:0:0: [sda] Assuming drive cache: write through
[    3.303350] sd 2:0:1:0: Attached scsi generic sg1 type 0
[    3.305505] sd 2:0:1:0: [sdb] 20480 512-byte logical blocks: (10.5 MB/10.0 MiB)
[    3.312134] sd 2:0:1:0: [sdb] Write Protect is off
[    3.315501] sd 2:0:1:0: [sdb] Incomplete mode parameter data
[    3.317780] sd 2:0:1:0: [sdb] Assuming drive cache: write through
[    3.345124]  sda: sda1
[    3.348107] sd 2:0:0:0: [sda] Attached SCSI disk
[    3.352840] sd 2:0:1:0: [sdb] Attached SCSI disk
Begin: Loading essential drivers ... [    5.704070] raid6: sse2x1   gen()  2500 MB/s
[    5.752073] raid6: sse2x1   xor()  1479 MB/s
[    5.800066] raid6: sse2x2   gen()  5019 MB/s
[    5.848068] raid6: sse2x2   xor()  2690 MB/s
[    5.896064] raid6: sse2x4   gen()  6397 MB/s
[    5.944047] raid6: sse2x4   xor()  3207 MB/s
[    5.946228] raid6: using algorithm sse2x4 gen() 6397 MB/s
[    5.948941] raid6: .... xor() 3207 MB/s, rmw enabled
[    5.951397] raid6: using ssse3x2 recovery algorithm
[    5.956604] xor: automatically using best checksumming function   avx       
[    5.962521] async_tx: api initialized (async)
done.
Begin: Running /scripts/init-premount ... done.
Begin: Mounting root file system ... Begin: Running /scripts/local-top ... done.
Begin: Running /scripts/local-premount ... [    6.084355] Btrfs loaded, crc32c=crc32c-intel
Scanning for Btrfs filesystems
done.
Warning: fsck not present, so skipping root file system
[    6.239915] EXT4-fs (sda1): mounted filesystem with ordered data mode. Opts: (null)
done.
Begin: Running /scripts/local-bottom ... done.
Begin: Running /scripts/init-bottom ... done.
[    7.420231] ip_tables: (C) 2000-2006 Netfilter Core Team
[    7.565325] systemd[1]: systemd 237 running in system mode. (+PAM +AUDIT +SELINUX +IMA +APPARMOR +SMACK +SYSVINIT +UTMP +LIBCRYPTSETUP +GCRYPT +GNUTLS +ACL +XZ +LZ4 +SECCOMP +BLKID +ELFUTILS +KMOD -IDN2 +IDN -PCRE2 default-hierarchy=hybrid)
[    7.576309] systemd[1]: Detected virtualization oracle.
[    7.579017] systemd[1]: Detected architecture x86-64.

Welcome to [1mUbuntu 18.04.5 LTS[0m!

[    7.633788] systemd[1]: Set hostname to <ubuntu>.
[    7.721462] systemd[1]: Initializing machine ID from random generator.
[    7.727954] systemd[1]: Installed transient /etc/machine-id file.
[    8.130146] random: crng init done
[    8.131986] random: 7 urandom warning(s) missed due to ratelimiting
[    9.625175] systemd[1]: Reached target Swap.
[[0;32m  OK  [0m] Reached target Swap.
[    9.627902] systemd[1]: Reached target System Time Synchronized.
[[0;32m  OK  [0m] Reached target System Time Synchronized.
[    9.633194] systemd[1]: Reached target User and Group Name Lookups.
[[0;32m  OK  [0m] Reached target User and Group Name Lookups.
[    9.641524] systemd[1]: Created slice System Slice.
[[0;32m  OK  [0m] Created slice System Slice.
[[0;32m  OK  [0m] Listening on Network Service Netlink Socket.
[[0;32m  OK  [0m] Listening on Journal Socket (/dev/log).
[[0;32m  OK  [0m] Listening on Device-mapper event daemon FIFOs.
[[0;32m  OK  [0m] Listening on Journal Socket.
         Mounting Huge Pages File System...
         Starting Create list of required st…ce nodes for the current kernel...
[[0;32m  OK  [0m] Listening on Syslog Socket.
         Starting Uncomplicated firewall...
         Mounting POSIX Message Queue File System...
[[0;32m  OK  [0m] Created slice system-serial\x2dgetty.slice.
[[0;32m  OK  [0m] Listening on LVM2 poll daemon socket.
[[0;32m  OK  [0m] Listening on udev Kernel Socket.
[[0;32m  OK  [0m] Listening on fsck to fsckd communication Socket.
         Starting Load Kernel Modules...
[[0;32m  OK  [0m] Listening on Journal Audit Socket.
         Starting Journal Service...
[[0;32m  OK  [0m] Listening on udev Control Socket.
         Starting udev Coldplug all Devices...
         Starting Set the console keyboard layout...
[[0;32m  OK  [0m] Set up automount Arbitrary Executab…rmats File System Automount Point.
[[0;32m  OK  [0m] Listening on LVM2 metadata daemon socket.
[[0;32m  OK  [0m] Listening on /dev/initctl Compatibility Named Pipe.
[[0;32m  OK  [0m] Started Forward Password Requests to Wall Directory Watch.
[[0;32m  OK  [0m] Created slice User and Session Slice.
         Starting Monitoring of LVM2 mirrors…ng dmeventd or progress polling...
[[0;32m  OK  [0m] Reached target Slices.
         Starting File System Check on Root Device...
         Mounting Kernel Debug File System...
[[0;32m  OK  [0m] Mounted Huge Pages File System.
[[0;32m  OK  [0m] Started Create list of required sta…vice nodes for the current kernel.
[[0;32m  OK  [0m] Started Journal Service.
[[0;32m  OK  [0m] Started Uncomplicated firewall.
[[0;32m  OK  [0m] Mounted POSIX Message Queue File System.
[[0;32m  OK  [0m] Mounted Kernel Debug File System.
[   10.036588] Loading iSCSI transport class v2.0-870.
         Starting Create Static Device Nodes in /dev...
[[0;32m  OK  [0m] Started udev Coldplug all Devices.
[[0;32m  OK  [0m] Started File System Check Daemon to report status.
[[0;32m  OK  [0m] Started File System Check on Root Device.
         Starting Remount Root and Kernel File Systems...
[   10.472162] iscsi: registered transport (tcp)
[[0;32m  OK  [0m] Started LVM2 metadata daemon.
[[0;32m  OK  [0m] Started Create Static Device Nodes in /dev.
[   10.777711] iscsi: registered transport (iser)
[[0;32m  OK  [[   10.783746] EXT4-fs (sda1): re-mounted. Opts: (null)
0m] Started Load Kernel Modules.
         Mounting Kernel Configuration File System...
         Mounting FUSE Control File System...
         Starting Apply Kernel Variables...
[[0;32m  OK  [0m] Started Remount Root and Kernel File Systems.
[[0;32m  OK  [0m] Mounted FUSE Control File System.
         Starting Load/Save Random Seed...
         Starting udev Kernel Device Manager...
         Starting Flush Journal to Persistent Storage...
[[0;32m  OK  [0m] Started Set the console keyboard layout.
[[0;32m  OK  [0m] Started Monitoring of LVM2 mirrors,…sing dmeventd or progress polling.
[[0;32m  OK  [0m] Mounted Kernel Configuration File System.
[[0;32m  OK  [0m] Started Load/Save Random Seed.
[[0;32m  OK  [0m] Reached target Local File Systems (Pre).
[[0;32m  OK  [0m] Reached target Local File Systems.
         Starting ebtables ruleset management...
         Starting Set console font and keymap...
         Starting AppArmor initialization...
         Starting Commit a transient machine-id on disk...
         Starting Tell Plymouth To Write Out Runtime Data...
[   11.009750] systemd-journald[411]: Received request to flush runtime journal from PID 1
[[0;32m  OK  [0m] Started Set console font and keymap.
[[0;32m  OK  [0m] Started Tell Plymouth To Write Out Runtime Data.
[[0;32m  OK  [0m] Started Apply Kernel Variables.
[[0;32m  OK  [0m] Started udev Kernel Device Manager.
[[0;32m  OK  [0m] Started Dispatch Password Requests to Console Directory Watch.
[[0;32m  OK  [0m] Reached target Local Encrypted Volumes.
[[0;32m  OK  [0m] Started Commit a transient machine-id on disk.
[[0;32m  OK  [0m] Started Flush Journal to Persistent Storage.
         Starting Create Volatile Files and Directories...
[[0;32m  OK  [0m] Started Create Volatile Files and Directories.
         Starting Update UTMP about System Boot/Shutdown...
[[0;32m  OK  [0m] Started Update UTMP about System Boot/Shutdown.
[[0;32m  OK  [0m] Started ebtables ruleset management.
[[0;32m  OK  [0m] Found device /dev/ttyS0.
[[0;32m  OK  [0m] Listening on Load/Save RF Kill Switch Status /dev/rfkill Watch.
[[0;32m  OK  [0m] Started AppArmor initialization.
         Starting Load AppArmor profiles managed internally by snapd...
         Starting Initial cloud-init job (pre-networking)...
[[0;32m  OK  [0m] Started Load AppArmor profiles managed internally by snapd.
[   23.496313] cloud-init[593]: Cloud-init v. 21.1-19-gbad84ad4-0ubuntu1~18.04.2 running 'init-local' at Sun, 16 May 2021 11:43:31 +0000. Up 22.55 seconds.
[[0;32m  OK  [0m] Started Initial cloud-init job (pre-networking).
[[0;32m  OK  [0m] Reached target Network (Pre).
         Starting Network Service...
[[0;32m  OK  [0m] Started Network Service.
         Starting Network Name Resolution...
         Starting Wait for Network to be Configured...
[[0;32m  OK  [0m] Started Network Name Resolution.
[[0;32m  OK  [0m] Reached target Host and Network Name Lookups.
[[0;32m  OK  [0m] Reached target Network.
[[0;32m  OK  [0m] Started Wait for Network to be Configured.
         Starting Initial cloud-init job (metadata service crawler)...
[   26.622967] cloud-init[719]: Cloud-init v. 21.1-19-gbad84ad4-0ubuntu1~18.04.2 running 'init' at Sun, 16 May 2021 11:43:34 +0000. Up 26.03 seconds.
[   26.627932] cloud-init[719]: ci-info: ++++++++++++++++++++++++++++++++++++++Net device info++++++++++++++++++++++++++++++++++++++
[   26.632325] cloud-init[719]: ci-info: +--------+------+----------------------------+---------------+--------+-------------------+
[   26.636583] cloud-init[719]: ci-info: | Device |  Up  |          Address           |      Mask     | Scope  |     Hw-Address    |
[   26.640591] cloud-init[719]: ci-info: +--------+------+----------------------------+---------------+--------+-------------------+
[   26.644552] cloud-init[719]: ci-info: | enp0s3 | True |         10.0.2.15          | 255.255.255.0 | global | 02:79:d1:66:99:96 |
[   26.648451] cloud-init[719]: ci-info: | enp0s3 | True | fe80::79:d1ff:fe66:9996/64 |       .       |  link  | 02:79:d1:66:99:96 |
[   26.652242] cloud-init[719]: ci-info: |   lo   | True |         127.0.0.1          |   255.0.0.0   |  host  |         .         |
[   26.655877] cloud-init[719]: ci-info: |   lo   | True |          ::1/128           |       .       |  host  |         .         |
[   26.660365] cloud-init[719]: ci-info: +--------+------+----------------------------+---------------+--------+-------------------+
[   26.664861] cloud-init[719]: ci-info: ++++++++++++++++++++++++++++Route IPv4 info+++++++++++++++++++++++++++++
[   26.668302] cloud-init[719]: ci-info: +-------+-------------+----------+-----------------+-----------+-------+
[   26.671537] cloud-init[719]: ci-info: | Route | Destination | Gateway  |     Genmask     | Interface | Flags |
[   26.675056] cloud-init[719]: ci-info: +-------+-------------+----------+-----------------+-----------+-------+
[   26.678937] cloud-init[719]: ci-info: |   0   |   0.0.0.0   | 10.0.2.2 |     0.0.0.0     |   enp0s3  |   UG  |
[   26.682681] cloud-init[719]: ci-info: |   1   |   10.0.2.0  | 0.0.0.0  |  255.255.255.0  |   enp0s3  |   U   |
[   26.686555] cloud-init[719]: ci-info: |   2   |   10.0.2.2  | 0.0.0.0  | 255.255.255.255 |   enp0s3  |   UH  |
[   26.690062] cloud-init[719]: ci-info: +-------+-------------+----------+-----------------+-----------+-------+
[   26.693567] cloud-init[719]: ci-info: +++++++++++++++++++Route IPv6 info+++++++++++++++++++
[   26.696830] cloud-init[719]: ci-info: +-------+-------------+---------+-----------+-------+
[   26.700152] cloud-init[719]: ci-info: | Route | Destination | Gateway | Interface | Flags |
[   26.703203] cloud-init[719]: ci-info: +-------+-------------+---------+-----------+-------+
[   26.706510] cloud-init[719]: ci-info: |   1   |  fe80::/64  |    ::   |   enp0s3  |   U   |
[   26.709514] cloud-init[719]: ci-info: |   3   |    local    |    ::   |   enp0s3  |   U   |
[   26.712506] cloud-init[719]: ci-info: |   4   |   ff00::/8  |    ::   |   enp0s3  |   U   |
[   26.715945] cloud-init[719]: ci-info: +-------+-------------+---------+-----------+-------+
[   29.533391] cloud-init[719]: Generating public/private rsa key pair.
[   29.535413] cloud-init[719]: Your identification has been saved in /etc/ssh/ssh_host_rsa_key.
[   29.538071] cloud-init[719]: Your public key has been saved in /etc/ssh/ssh_host_rsa_key.pub.
[   29.548559] cloud-init[719]: The key fingerprint is:
[   29.550506] cloud-init[719]: SHA256:KcTEHfEqZvEqvG8lOMJd6JaOLjmf1onl2BiruzZioNQ root@ubuntu-bionic
[   29.553315] cloud-init[719]: The key's randomart image is:
[   29.564327] cloud-init[719]: +---[RSA 2048]----+
[   29.566401] cloud-init[719]: |     ...oo       |
[   29.568522] cloud-init[719]: |     o. ..       |
[   29.570520] cloud-init[719]: |     .+   .      |
[   29.580511] cloud-init[719]: |    ...o o       |
[   29.582513] cloud-init[719]: | ..o += S        |
[   29.584766] cloud-init[719]: |..+EOo.+.        |
[   29.586977] cloud-init[719]: |+. /oo.o         |
[   29.593120] cloud-init[719]: |*+B.*o.          |
[   29.594778] cloud-init[719]: |BX= .o.          |
[   29.596506] cloud-init[719]: +----[SHA256]-----+
[   29.598213] cloud-init[719]: Generating public/private dsa key pair.
[   29.601401] cloud-init[719]: Your identification has been saved in /etc/ssh/ssh_host_dsa_key.
[   29.605557] cloud-init[719]: Your public key has been saved in /etc/ssh/ssh_host_dsa_key.pub.
[   29.608254] cloud-init[719]: The key fingerprint is:
[   29.610128] cloud-init[719]: SHA256:I4VZkbQEJdg/obf1fpjZoyX0m8G2l0Ft6tHCEX0tEpw root@ubuntu-bionic
[   29.613276] cloud-init[719]: The key's randomart image is:
[   29.615227] cloud-init[719]: +---[DSA 1024]----+
[   29.616886] cloud-init[719]: |     oo+*o ..o ..|
[   29.618762] cloud-init[719]: |    . .*o.  E o +|
[   29.620464] cloud-init[719]: |      ooo.   . oo|
[   29.622214] cloud-init[719]: |      ..+ .   ..o|
[   29.623851] cloud-init[719]: |      ..S+ ....= |
[   29.625655] cloud-init[719]: |       ... ..o=..|
[   29.627336] cloud-init[719]: |           ..**oo|
[   29.628940] cloud-init[719]: |            =+=*.|
[   29.630517] cloud-init[719]: |            .o+o |
[   29.632673] cloud-init[719]: +----[SHA256]-----+
[   29.634312] cloud-init[719]: Generating public/private ecdsa key pair.
[   29.636583] cloud-init[719]: Your identification has been saved in /etc/ssh/ssh_host_ecdsa_key.
[   29.639630] cloud-init[719]: Your public key has been saved in /etc/ssh/ssh_host_ecdsa_key.pub.
[   29.642293] cloud-init[719]: The key fingerprint is:
[   29.644141] cloud-init[719]: SHA256:Mjdal++QeKQ03gOZNvJTlDDlVz73G2TmPXPzdjZcSi8 root@ubuntu-bionic
[   29.646884] cloud-init[719]: The key's randomart image is:
[   29.648757] cloud-init[719]: +---[ECDSA 256]---+
[   29.650397] cloud-init[719]: |        o..   .  |
[   29.652170] cloud-init[719]: |         + . o   |
[   29.653897] cloud-init[719]: |          + . o+.|
[   29.655527] cloud-init[719]: |         + o  =oo|
[   29.664243] cloud-init[719]: |      + S =   .*=|
[   29.665923] cloud-init[719]: |       % % o ..oX|
[   29.667746] cloud-init[719]: |      . * * . E+*|
[   29.669419] cloud-init[719]: |         o +   +o|
[   29.671180] cloud-init[719]: |            .    |
[   29.672954] cloud-init[719]: +----[SHA256]-----+
[   29.674436] cloud-init[719]: Generating public/private ed25519 key pair.
[   29.684463] cloud-init[719]: Your identification has been saved in /etc/ssh/ssh_host_ed25519_key.
[   29.687606] cloud-init[719]: Your public key has been saved in /etc/ssh/ssh_host_ed25519_key.pub.
[   29.690654] cloud-init[719]: The key fingerprint is:
[   29.692369] cloud-init[719]: SHA256:isEaPGBBTB+R1IH5J/fPVHcl2sCsSptcUjT44g1Ef+I root@ubuntu-bionic
[   29.694926] cloud-init[719]: The key's randomart image is:
[   29.704316] cloud-init[719]: +--[ED25519 256]--+
[   29.705739] cloud-init[719]: |++.+*....ooo     |
[   29.707193] cloud-init[719]: | .o+..  o...+ . .|
[   29.710475] cloud-init[719]: |.. ..  . oo..+ ..|
[   29.711899] cloud-init[719]: |.o . o o=.+o.....|
[   29.713336] cloud-init[719]: |  + o ++SXE . . .|
[   29.714764] cloud-init[719]: |   + o .*...     |
[   29.716320] cloud-init[719]: |  . . .   +      |
[   29.718014] cloud-init[719]: |           o     |
[   29.719746] cloud-init[719]: |                 |
[   29.721457] cloud-init[719]: +----[SHA256]-----+
[[0;32m  OK  [0m] Started Initial cloud-init job (metadata service crawler).
[[0;32m  OK  [0m] Reached target Network is Online.
[[0;32m  OK  [0m] Reached target Remote File Systems (Pre).
[[0;32m  OK  [0m] Reached target Remote File Systems.
         Starting Availability of block devices...
[[0;32m  OK  [0m] Reached target Cloud-config availability.
[[0;32m  OK  [0m] Reached target System Initialization.
[[0;32m  OK  [0m] Listening on Open-iSCSI iscsid Socket.
[[0;32m  OK  [0m] Started Daily Cleanup of Temporary Directories.
[[0;32m  OK  [0m] Listening on UUID daemon activation socket.
[[0;32m  OK  [0m] Listening on D-Bus System Message Bus Socket.
[[0;32m  OK  [0m] Started ACPI Events Check.
         Starting Socket activation for snappy daemon.
[[0;32m  OK  [0m] Started Ubuntu Advantage update messaging.
[[0;32m  OK  [0m] Reached target Paths.
         Starting LXD - unix socket.
[[0;32m  OK  [0m] Listening on ACPID Listen Socket.
[[0;32m  OK  [0m] Started Message of the Day.
[[0;32m  OK  [0m] Started Daily apt download activities.
[[0;32m  OK  [0m] Started Daily apt upgrade and clean activities.
[[0;32m  OK  [0m] Started Discard unused blocks once a week.
[[0;32m  OK  [0m] Reached target Timers.
[[0;32m  OK  [0m] Started Availability of block devices.
[[0;32m  OK  [0m] Listening on Socket activation for snappy daemon.
[[0;32m  OK  [0m] Listening on LXD - unix socket.
[[0;32m  OK  [0m] Reached target Sockets.
[[0;32m  OK  [0m] Reached target Basic System.
         Starting Virtualbox guest utils...
         Starting Dispatcher daemon for systemd-networkd...
[[0;32m  OK  [0m] Started irqbalance daemon.
         Starting Accounts Service...
[[0;32m  OK  [0m] Started Regular background program processing daemon.
         Starting System Logging Service...
         Starting LSB: automatic crash report generation...
         Starting Permit User Sessions...
         Starting LXD - container startup/shutdown...
         Starting Login Service...
[[0;32m  OK  [0m] Started D-Bus System Message Bus.
[[0;32m  OK  [0m] Started Login Service.
[[0;32m  OK  [0m] Started Unattended Upgrades Shutdown.
[[0;32m  OK  [0m] Started FUSE filesystem for LXC.
         Starting LSB: Record successful boot for GRUB...
         Starting Snap Daemon...
[[0;32m  OK  [0m] Started Deferred execution scheduler.
         Starting Pollinate to seed the pseudo random number generator...
[[0;32m  OK  [0m] Started System Logging Service.
[[0;32m  OK  [0m] Started Permit User Sessions.
         Starting Terminate Plymouth Boot Screen...
         Starting Hold until boot process finishes up...
[[0;32m  OK  [0m] Started Terminate Plymouth Boot Screen.
[[0;32m  OK  [0m] Started Hold until boot process finishes up.
         Starting Set console scheme...
[[0;32m  OK  [0m] Started Serial Getty on ttyS0.
[[0;32m  OK  [0m] Started Set console scheme.
[[0;32m  OK  [0m] Created slice system-getty.slice.
[[0;32m  OK  [0m] Started Getty on tty1.
[[0;32m  OK  [0m] Reached target Login Prompts.
         Starting Authorization Manager...
[[0;32m  OK  [0m] Started LSB: automatic crash report generation.
[[0;32m  OK  [0m] Started LSB: Record successful boot for GRUB.
[[0;32m  OK  [0m] Started Authorization Manager.
[[0;32m  OK  [0m] Started Accounts Service.
[[0;32m  OK  [0m] Started Virtualbox guest utils.
[[0;32m  OK  [0m] Started LXD - container startup/shutdown.
[[0;32m  OK  [0m] Started Dispatcher daemon for systemd-networkd.
[[0;32m  OK  [0m] Started Snap Daemon.
         Starting Wait until snapd is fully seeded...

Ubuntu 18.04.5 LTS ubuntu-bionic ttyS0

ubuntu-bionic login: [   47.794149] cloud-init[1442]: Cloud-init v. 21.1-19-gbad84ad4-0ubuntu1~18.04.2 running 'modules:config' at Sun, 16 May 2021 11:43:53 +0000. Up 44.68 seconds.
ci-info: no authorized SSH keys fingerprints found for user ubuntu.
<14>May 16 11:43:59 ec2: 
<14>May 16 11:43:59 ec2: #############################################################
<14>May 16 11:43:59 ec2: -----BEGIN SSH HOST KEY FINGERPRINTS-----
<14>May 16 11:43:59 ec2: 1024 SHA256:I4VZkbQEJdg/obf1fpjZoyX0m8G2l0Ft6tHCEX0tEpw root@ubuntu-bionic (DSA)
<14>May 16 11:43:59 ec2: 256 SHA256:Mjdal++QeKQ03gOZNvJTlDDlVz73G2TmPXPzdjZcSi8 root@ubuntu-bionic (ECDSA)
<14>May 16 11:43:59 ec2: 256 SHA256:isEaPGBBTB+R1IH5J/fPVHcl2sCsSptcUjT44g1Ef+I root@ubuntu-bionic (ED25519)
<14>May 16 11:43:59 ec2: 2048 SHA256:KcTEHfEqZvEqvG8lOMJd6JaOLjmf1onl2BiruzZioNQ root@ubuntu-bionic (RSA)
<14>May 16 11:43:59 ec2: -----END SSH HOST KEY FINGERPRINTS-----
<14>May 16 11:43:59 ec2: #############################################################
-----BEGIN SSH HOST KEY KEYS-----
ecdsa-sha2-nistp256 AAAAE2VjZHNhLXNoYTItbmlzdHAyNTYAAAAIbmlzdHAyNTYAAABBBCfrxcyrODUpqiknXkxvna3ly1qjyxajGy3b6a7qp0j3e14VWYFZkJoC5fog8JGWzNmNBUNmvakWaUQd7wo5dgU= root@ubuntu-bionic
ssh-ed25519 AAAAC3NzaC1lZDI1NTE5AAAAIJRVOfa05ADiOTMInAlUUaWvfNJCGYgnPpRd+aiu9l+3 root@ubuntu-bionic
ssh-rsa AAAAB3NzaC1yc2EAAAADAQABAAABAQDj6O9zV9YmuvqStGCJbkyktSdoVNSk6Vuw1l2YUEoPtjspMgeYnk4x6mKOxNRDoZKIUDppwDBNpMgTisRI/ZUbJ8xoKFZ1W0iHJGc/YxnoaJJ5OykppM1bIIvQ2HY9WKrG0f7ftCUrTDzK6VyuAIMFDZ5EcBoU3ohTbP6bm7z6UV9sFdFAnyYYDIzEXa+wZyyl/ZyzVHrBPg0plID5HJizlfrHFyOZ5b3YxFhncNHWNmvcjiVmcFsk7KdUnjBcjPX+0Zg1A77IjObC4k+j0wY4BpMpImEWphEktkDQ8NVX3Etn6mr3PUZ9+LXnMy9skaSE7duR4HPcDuTGguNDm3Qb root@ubuntu-bionic
-----END SSH HOST KEY KEYS-----
[   51.106006] cloud-init[1642]: Cloud-init v. 21.1-19-gbad84ad4-0ubuntu1~18.04.2 running 'modules:final' at Sun, 16 May 2021 11:43:57 +0000. Up 48.89 seconds.
[   51.106217] cloud-init[1642]: ci-info: no authorized SSH keys fingerprints found for user ubuntu.
[   51.107539] cloud-init[1642]: Cloud-init v. 21.1-19-gbad84ad4-0ubuntu1~18.04.2 finished at Sun, 16 May 2021 11:43:59 +0000. Datasource DataSourceNoCloud [seed=/dev/sdb][dsmode=net].  Up 51.08 seconds
